TN:
SF:C:\Users\Awa\Desktop\React\Andela\playground\node-revision\api\server.js
FN:15,(anonymous_2)
FNF:1
FNH:0
FNDA:0,(anonymous_2)
DA:1,1
DA:2,1
DA:3,1
DA:5,1
DA:7,1
DA:8,1
DA:11,1
DA:13,1
DA:14,1
DA:15,0
DA:18,1
LF:11
LH:10
BRDA:13,3,0,1
BRDA:13,3,1,1
BRDA:14,4,0,0
BRDA:14,4,1,1
BRF:4
BRH:3
end_of_record
TN:
SF:C:\Users\Awa\Desktop\React\Andela\playground\node-revision\api\v1\routes\orders.js
FNF:0
FNH:0
DA:1,1
DA:2,1
DA:4,1
DA:6,1
DA:8,1
LF:5
LH:5
BRF:0
BRH:0
end_of_record
TN:
SF:C:\Users\Awa\Desktop\React\Andela\playground\node-revision\api\v1\controllers\orders.js
FN:4,getOrders
FNF:1
FNH:1
FNDA:1,getOrders
DA:1,1
DA:2,1
DA:4,1
LF:3
LH:3
BRF:0
BRH:0
end_of_record
TN:
SF:C:\Users\Awa\Desktop\React\Andela\playground\node-revision\api\v1\models\Order.js
FN:4,Order
FNF:1
FNH:0
FNDA:0,Order
DA:1,1
DA:3,1
DA:5,0
LF:3
LH:2
BRF:0
BRH:0
end_of_record
